[01m[K/home/jy/colcon_ws/src/vision/src/mainwindow.cpp:[m[K In member function â€˜[01m[Kvoid MainWindow::on_btncapture_clicked()[m[Kâ€™:
[01m[K/home/jy/colcon_ws/src/vision/src/mainwindow.cpp:77:16:[m[K [01;31m[Kerror: [m[Kâ€˜[01m[KlastCaptured[m[Kâ€™ was not declared in this scope
   77 |         cap >> [01;31m[KlastCaptured[m[K;
      |                [01;31m[K^~~~~~~~~~~~[m[K
[01m[K/home/jy/colcon_ws/src/vision/src/mainwindow.cpp:[m[K At global scope:
[01m[K/home/jy/colcon_ws/src/vision/src/mainwindow.cpp:147:6:[m[K [01;31m[Kerror: [m[Kredefinition of â€˜[01m[Kvoid MainWindow::processLaneDetection(const string&)[m[Kâ€™
  147 | void [01;31m[KMainWindow[m[K::processLaneDetection(const std::string &mode) {
      |      [01;31m[K^~~~~~~~~~[m[K
[01m[K/home/jy/colcon_ws/src/vision/src/mainwindow.cpp:106:6:[m[K [01;36m[Knote: [m[Kâ€˜[01m[Kvoid MainWindow::processLaneDetection(const string&)[m[Kâ€™ previously defined here
  106 | void [01;36m[KMainWindow[m[K::processLaneDetection(const std::string &mode) {
      |      [01;36m[K^~~~~~~~~~[m[K
[01m[K/home/jy/colcon_ws/src/vision/src/mainwindow.cpp:[m[K In member function â€˜[01m[Kvoid MainWindow::processColorDetection()[m[Kâ€™:
[01m[K/home/jy/colcon_ws/src/vision/src/mainwindow.cpp:186:9:[m[K [01;31m[Kerror: [m[Kâ€˜[01m[KlastCaptured[m[Kâ€™ was not declared in this scope
  186 |     if ([01;31m[KlastCaptured[m[K.empty()) return;
      |         [01;31m[K^~~~~~~~~~~~[m[K
[01m[K/home/jy/colcon_ws/src/vision/src/mainwindow.cpp:189:18:[m[K [01;31m[Kerror: [m[Kâ€˜[01m[KlastCaptured[m[Kâ€™ was not declared in this scope
  189 |     cv::cvtColor([01;31m[KlastCaptured[m[K, hsv, cv::COLOR_BGR2HSV);
      |                  [01;31m[K^~~~~~~~~~~~[m[K
gmake[2]: *** [CMakeFiles/vision.dir/build.make:111: CMakeFiles/vision.dir/src/mainwindow.cpp.o] Error 1
gmake[2]: *** Waiting for unfinished jobs....
gmake[1]: *** [CMakeFiles/Makefile2:153: CMakeFiles/vision.dir/all] Error 2
gmake: *** [Makefile:146: all] Error 2
