[0.007s] Invoking command in '/home/jy/colcon_ws/src/vision/build/vision': CMAKE_PREFIX_PATH=${CMAKE_PREFIX_PATH}:/opt/ros/humble /usr/bin/cmake --build /home/jy/colcon_ws/src/vision/build/vision -- -j16 -l16
[0.029s] [  9%] [1m[34mGenerating include/vision/moc_mainwindow.cpp[0m
[0.095s] [ 27%] [32mBuilding CXX object CMakeFiles/vision.dir/src/main.cpp.o[0m
[0.095s] [ 27%] [32mBuilding CXX object CMakeFiles/vision.dir/src/mainwindow.cpp.o[0m
[0.095s] [ 36%] [32mBuilding CXX object CMakeFiles/vision.dir/src/qnode.cpp.o[0m
[0.095s] [ 45%] [32mBuilding CXX object CMakeFiles/vision.dir/include/vision/moc_mainwindow.cpp.o[0m
[3.458s] [01m[K/home/jy/colcon_ws/src/vision/src/mainwindow.cpp:[m[K In member function â€˜[01m[Kvoid MainWindow::on_btncapture_clicked()[m[Kâ€™:
[3.458s] [01m[K/home/jy/colcon_ws/src/vision/src/mainwindow.cpp:77:16:[m[K [01;31m[Kerror: [m[Kâ€˜[01m[KlastCaptured[m[Kâ€™ was not declared in this scope
[3.458s]    77 |         cap >> [01;31m[KlastCaptured[m[K;
[3.458s]       |                [01;31m[K^~~~~~~~~~~~[m[K
[3.464s] [01m[K/home/jy/colcon_ws/src/vision/src/mainwindow.cpp:[m[K At global scope:
[3.464s] [01m[K/home/jy/colcon_ws/src/vision/src/mainwindow.cpp:147:6:[m[K [01;31m[Kerror: [m[Kredefinition of â€˜[01m[Kvoid MainWindow::processLaneDetection(const string&)[m[Kâ€™
[3.464s]   147 | void [01;31m[KMainWindow[m[K::processLaneDetection(const std::string &mode) {
[3.464s]       |      [01;31m[K^~~~~~~~~~[m[K
[3.464s] [01m[K/home/jy/colcon_ws/src/vision/src/mainwindow.cpp:106:6:[m[K [01;36m[Knote: [m[Kâ€˜[01m[Kvoid MainWindow::processLaneDetection(const string&)[m[Kâ€™ previously defined here
[3.464s]   106 | void [01;36m[KMainWindow[m[K::processLaneDetection(const std::string &mode) {
[3.464s]       |      [01;36m[K^~~~~~~~~~[m[K
[3.475s] [01m[K/home/jy/colcon_ws/src/vision/src/mainwindow.cpp:[m[K In member function â€˜[01m[Kvoid MainWindow::processColorDetection()[m[Kâ€™:
[3.475s] [01m[K/home/jy/colcon_ws/src/vision/src/mainwindow.cpp:186:9:[m[K [01;31m[Kerror: [m[Kâ€˜[01m[KlastCaptured[m[Kâ€™ was not declared in this scope
[3.475s]   186 |     if ([01;31m[KlastCaptured[m[K.empty()) return;
[3.475s]       |         [01;31m[K^~~~~~~~~~~~[m[K
[3.485s] [01m[K/home/jy/colcon_ws/src/vision/src/mainwindow.cpp:189:18:[m[K [01;31m[Kerror: [m[Kâ€˜[01m[KlastCaptured[m[Kâ€™ was not declared in this scope
[3.485s]   189 |     cv::cvtColor([01;31m[KlastCaptured[m[K, hsv, cv::COLOR_BGR2HSV);
[3.485s]       |                  [01;31m[K^~~~~~~~~~~~[m[K
[4.186s] gmake[2]: *** [CMakeFiles/vision.dir/build.make:111: CMakeFiles/vision.dir/src/mainwindow.cpp.o] Error 1
[4.186s] gmake[2]: *** Waiting for unfinished jobs....
[7.380s] gmake[1]: *** [CMakeFiles/Makefile2:153: CMakeFiles/vision.dir/all] Error 2
[7.380s] gmake: *** [Makefile:146: all] Error 2
[7.382s] Invoked command in '/home/jy/colcon_ws/src/vision/build/vision' returned '2': CMAKE_PREFIX_PATH=${CMAKE_PREFIX_PATH}:/opt/ros/humble /usr/bin/cmake --build /home/jy/colcon_ws/src/vision/build/vision -- -j16 -l16
