[0.007s] Invoking command in '/home/jy/colcon_ws/src/vision/build/vision': CMAKE_PREFIX_PATH=${CMAKE_PREFIX_PATH}:/opt/ros/humble /usr/bin/cmake /home/jy/colcon_ws/src/vision -DCMAKE_INSTALL_PREFIX=/home/jy/colcon_ws/src/vision/install/vision
[0.073s] -- The C compiler identification is GNU 11.4.0
[0.129s] -- The CXX compiler identification is GNU 11.4.0
[0.136s] -- Detecting C compiler ABI info
[0.184s] -- Detecting C compiler ABI info - done
[0.194s] -- Check for working C compiler: /usr/bin/cc - skipped
[0.195s] -- Detecting C compile features
[0.195s] -- Detecting C compile features - done
[0.207s] -- Detecting CXX compiler ABI info
[0.260s] -- Detecting CXX compiler ABI info - done
[0.270s] -- Check for working CXX compiler: /usr/bin/c++ - skipped
[0.270s] -- Detecting CXX compile features
[0.271s] -- Detecting CXX compile features - done
[0.280s] -- Found ament_cmake: 1.3.12 (/opt/ros/humble/share/ament_cmake/cmake)
[0.371s] -- Found Python3: /usr/bin/python3 (found version "3.10.12") found components: Interpreter
[0.444s] -- Found rclcpp: 16.0.14 (/opt/ros/humble/share/rclcpp/cmake)
[0.483s] -- Found rosidl_generator_c: 3.1.7 (/opt/ros/humble/share/rosidl_generator_c/cmake)
[0.486s] -- Found rosidl_adapter: 3.1.7 (/opt/ros/humble/share/rosidl_adapter/cmake)
[0.494s] -- Found rosidl_generator_cpp: 3.1.7 (/opt/ros/humble/share/rosidl_generator_cpp/cmake)
[0.505s] -- Using all available rosidl_typesupport_c: rosidl_typesupport_fastrtps_c;rosidl_typesupport_introspection_c
[0.519s] -- Using all available rosidl_typesupport_cpp: rosidl_typesupport_fastrtps_cpp;rosidl_typesupport_introspection_cpp
[0.560s] -- Found rmw_implementation_cmake: 6.1.2 (/opt/ros/humble/share/rmw_implementation_cmake/cmake)
[0.563s] -- Found rmw_fastrtps_cpp: 6.2.8 (/opt/ros/humble/share/rmw_fastrtps_cpp/cmake)
[0.640s] -- Found OpenSSL: /usr/lib/x86_64-linux-gnu/libcrypto.so (found version "3.0.2")
[0.664s] -- Found FastRTPS: /opt/ros/humble/include
[0.697s] -- Using RMW implementation 'rmw_fastrtps_cpp' as default
[0.705s] -- Performing Test CMAKE_HAVE_LIBC_PTHREAD
[0.759s] -- Performing Test CMAKE_HAVE_LIBC_PTHREAD - Success
[0.759s] -- Found Threads: TRUE
[0.811s] -- Found sensor_msgs: 4.9.0 (/opt/ros/humble/share/sensor_msgs/cmake)
[0.842s] -- Found cv_bridge: 3.2.1 (/opt/ros/humble/share/cv_bridge/cmake)
[0.852s] -- Found OpenCV: /usr (found version "4.5.4")
[0.913s] -- Configuring done (0.9s)
[0.933s] -- Generating done (0.0s)
[0.936s] -- Build files have been written to: /home/jy/colcon_ws/src/vision/build/vision
[0.947s] Invoked command in '/home/jy/colcon_ws/src/vision/build/vision' returned '0': CMAKE_PREFIX_PATH=${CMAKE_PREFIX_PATH}:/opt/ros/humble /usr/bin/cmake /home/jy/colcon_ws/src/vision -DCMAKE_INSTALL_PREFIX=/home/jy/colcon_ws/src/vision/install/vision
[0.948s] Invoking command in '/home/jy/colcon_ws/src/vision/build/vision': CMAKE_PREFIX_PATH=${CMAKE_PREFIX_PATH}:/opt/ros/humble /usr/bin/cmake --build /home/jy/colcon_ws/src/vision/build/vision -- -j16 -l16
[0.967s] [ 27%] [1m[34mGenerating include/vision/moc_mainwindow.cpp[0m
[0.967s] [ 27%] [1m[34mGenerating ui_mainwindow.h[0m
[0.967s] [ 27%] [1m[34mGenerating include/vision/moc_qnode.cpp[0m
[0.967s] [ 36%] [1m[34mGenerating qrc_images.cpp[0m
[1.019s] [ 72%] [32mBuilding CXX object CMakeFiles/vision.dir/src/main.cpp.o[0m
[1.019s] [ 72%] [32mBuilding CXX object CMakeFiles/vision.dir/src/mainwindow.cpp.o[0m
[1.019s] [ 72%] [32mBuilding CXX object CMakeFiles/vision.dir/src/qnode.cpp.o[0m
[1.019s] [ 72%] [32mBuilding CXX object CMakeFiles/vision.dir/include/vision/moc_mainwindow.cpp.o[0m
[1.019s] [ 81%] [32mBuilding CXX object CMakeFiles/vision.dir/include/vision/moc_qnode.cpp.o[0m
[1.019s] [ 90%] [32mBuilding CXX object CMakeFiles/vision.dir/qrc_images.cpp.o[0m
[4.441s] [01m[K/home/jy/colcon_ws/src/vision/src/mainwindow.cpp:[m[K In member function â€˜[01m[Kvoid MainWindow::on_btnwhiteline_clicked()[m[Kâ€™:
[4.441s] [01m[K/home/jy/colcon_ws/src/vision/src/mainwindow.cpp:97:5:[m[K [01;31m[Kerror: [m[Kâ€˜[01m[KprocessLaneDetection[m[Kâ€™ was not declared in this scope
[4.441s]    97 |     [01;31m[KprocessLaneDetection[m[K("whiteline");
[4.441s]       |     [01;31m[K^~~~~~~~~~~~~~~~~~~~[m[K
[4.456s] [01m[K/home/jy/colcon_ws/src/vision/src/mainwindow.cpp:[m[K In member function â€˜[01m[Kvoid MainWindow::on_btnblueline_clicked()[m[Kâ€™:
[4.456s] [01m[K/home/jy/colcon_ws/src/vision/src/mainwindow.cpp:102:5:[m[K [01;31m[Kerror: [m[Kâ€˜[01m[KprocessLaneDetection[m[Kâ€™ was not declared in this scope
[4.456s]   102 |     [01;31m[KprocessLaneDetection[m[K("blueline");
[4.456s]       |     [01;31m[K^~~~~~~~~~~~~~~~~~~~[m[K
[4.456s] [01m[K/home/jy/colcon_ws/src/vision/src/mainwindow.cpp:[m[K At global scope:
[4.456s] [01m[K/home/jy/colcon_ws/src/vision/src/mainwindow.cpp:107:6:[m[K [01;31m[Kerror: [m[Kno declaration matches â€˜[01m[Kvoid MainWindow::processLaneDetection(const string&)[m[Kâ€™
[4.456s]   107 | void [01;31m[KMainWindow[m[K::processLaneDetection(const std::string &mode) {
[4.456s]       |      [01;31m[K^~~~~~~~~~[m[K
[4.456s] [01m[K/home/jy/colcon_ws/src/vision/src/mainwindow.cpp:107:6:[m[K [01;36m[Knote: [m[Kno functions named â€˜[01m[Kvoid MainWindow::processLaneDetection(const string&)[m[Kâ€™
[4.456s] In file included from [01m[K/home/jy/colcon_ws/src/vision/src/mainwindow.cpp:1[m[K:
[4.456s] [01m[K/home/jy/colcon_ws/src/vision/include/vision/mainwindow.hpp:16:7:[m[K [01;36m[Knote: [m[Kâ€˜[01m[Kclass MainWindow[m[Kâ€™ defined here
[4.456s]    16 | class [01;36m[KMainWindow[m[K : public QMainWindow {
[4.456s]       |       [01;36m[K^~~~~~~~~~[m[K
[5.187s] gmake[2]: *** [CMakeFiles/vision.dir/build.make:111: CMakeFiles/vision.dir/src/mainwindow.cpp.o] Error 1
[5.187s] gmake[2]: *** Waiting for unfinished jobs....
[8.386s] gmake[1]: *** [CMakeFiles/Makefile2:153: CMakeFiles/vision.dir/all] Error 2
[8.386s] gmake: *** [Makefile:146: all] Error 2
[8.388s] Invoked command in '/home/jy/colcon_ws/src/vision/build/vision' returned '2': CMAKE_PREFIX_PATH=${CMAKE_PREFIX_PATH}:/opt/ros/humble /usr/bin/cmake --build /home/jy/colcon_ws/src/vision/build/vision -- -j16 -l16
