In file included from [01m[K/home/jy/colcon_ws/src/vision/src/qnode.cpp:1[m[K:
[01m[K/home/jy/colcon_ws/src/vision/include/vision/mainwindow.hpp:31:10:[m[K [01;31m[Kerror: [m[Kâ€˜[01m[Kvoid MainWindow::updateCameraFrame()[m[Kâ€™ cannot be overloaded with â€˜[01m[Kvoid MainWindow::updateCameraFrame()[m[Kâ€™
   31 |     void [01;31m[KupdateCameraFrame[m[K();
      |          [01;31m[K^~~~~~~~~~~~~~~~~[m[K
[01m[K/home/jy/colcon_ws/src/vision/include/vision/mainwindow.hpp:24:10:[m[K [01;36m[Knote: [m[Kprevious declaration â€˜[01m[Kvoid MainWindow::updateCameraFrame()[m[Kâ€™
   24 |     void [01;36m[KupdateCameraFrame[m[K();
      |          [01;36m[K^~~~~~~~~~~~~~~~~[m[K
In file included from [01m[K/home/jy/colcon_ws/src/vision/src/mainwindow.cpp:1[m[K:
[01m[K/home/jy/colcon_ws/src/vision/include/vision/mainwindow.hpp:31:10:[m[K [01;31m[Kerror: [m[Kâ€˜[01m[Kvoid MainWindow::updateCameraFrame()[m[Kâ€™ cannot be overloaded with â€˜[01m[Kvoid MainWindow::updateCameraFrame()[m[Kâ€™
   31 |     void [01;31m[KupdateCameraFrame[m[K();
      |          [01;31m[K^~~~~~~~~~~~~~~~~[m[K
[01m[K/home/jy/colcon_ws/src/vision/include/vision/mainwindow.hpp:24:10:[m[K [01;36m[Knote: [m[Kprevious declaration â€˜[01m[Kvoid MainWindow::updateCameraFrame()[m[Kâ€™
   24 |     void [01;36m[KupdateCameraFrame[m[K();
      |          [01;36m[K^~~~~~~~~~~~~~~~~[m[K
In file included from [01m[K/home/jy/colcon_ws/src/vision/build/vision/include/vision/moc_mainwindow.cpp:10[m[K:
[01m[K/home/jy/colcon_ws/src/vision/build/vision/include/vision/../../../../include/vision/mainwindow.hpp:31:10:[m[K [01;31m[Kerror: [m[Kâ€˜[01m[Kvoid MainWindow::updateCameraFrame()[m[Kâ€™ cannot be overloaded with â€˜[01m[Kvoid MainWindow::updateCameraFrame()[m[Kâ€™
   31 |     void [01;31m[KupdateCameraFrame[m[K();
      |          [01;31m[K^~~~~~~~~~~~~~~~~[m[K
[01m[K/home/jy/colcon_ws/src/vision/build/vision/include/vision/../../../../include/vision/mainwindow.hpp:24:10:[m[K [01;36m[Knote: [m[Kprevious declaration â€˜[01m[Kvoid MainWindow::updateCameraFrame()[m[Kâ€™
   24 |     void [01;36m[KupdateCameraFrame[m[K();
      |          [01;36m[K^~~~~~~~~~~~~~~~~[m[K
In file included from [01m[K/home/jy/colcon_ws/src/vision/src/main.cpp:1[m[K:
[01m[K/home/jy/colcon_ws/src/vision/include/vision/mainwindow.hpp:31:10:[m[K [01;31m[Kerror: [m[Kâ€˜[01m[Kvoid MainWindow::updateCameraFrame()[m[Kâ€™ cannot be overloaded with â€˜[01m[Kvoid MainWindow::updateCameraFrame()[m[Kâ€™
   31 |     void [01;31m[KupdateCameraFrame[m[K();
      |          [01;31m[K^~~~~~~~~~~~~~~~~[m[K
[01m[K/home/jy/colcon_ws/src/vision/include/vision/mainwindow.hpp:24:10:[m[K [01;36m[Knote: [m[Kprevious declaration â€˜[01m[Kvoid MainWindow::updateCameraFrame()[m[Kâ€™
   24 |     void [01;36m[KupdateCameraFrame[m[K();
      |          [01;36m[K^~~~~~~~~~~~~~~~~[m[K
[01m[K/home/jy/colcon_ws/src/vision/src/mainwindow.cpp:105:6:[m[K [01;31m[Kerror: [m[Kredefinition of â€˜[01m[Kvoid MainWindow::on_btncapture_clicked()[m[Kâ€™
  105 | void [01;31m[KMainWindow[m[K::on_btncapture_clicked() {
      |      [01;31m[K^~~~~~~~~~[m[K
[01m[K/home/jy/colcon_ws/src/vision/src/mainwindow.cpp:75:6:[m[K [01;36m[Knote: [m[Kâ€˜[01m[Kvoid MainWindow::on_btncapture_clicked()[m[Kâ€™ previously defined here
   75 | void [01;36m[KMainWindow[m[K::on_btncapture_clicked() {
      |      [01;36m[K^~~~~~~~~~[m[K
[01m[K/home/jy/colcon_ws/src/vision/src/mainwindow.cpp:[m[K In member function â€˜[01m[Kvoid MainWindow::updateStatus(const string&, const string&)[m[Kâ€™:
[01m[K/home/jy/colcon_ws/src/vision/src/mainwindow.cpp:206:13:[m[K [01;31m[Kerror: [m[Kâ€˜[01m[Kclass Ui::MainWindowDesign[m[Kâ€™ has no member named â€˜[01m[Kwhitelineredstatus[m[Kâ€™; did you mean â€˜[01m[Kwhitlelineredstatus[m[Kâ€™?
  206 |         ui->[01;31m[Kwhitelineredstatus[m[K->setText(QString::fromStdString(pos));
      |             [01;31m[K^~~~~~~~~~~~~~~~~~[m[K
      |             [32m[Kwhitlelineredstatus[m[K
gmake[2]: *** [CMakeFiles/vision.dir/build.make:139: CMakeFiles/vision.dir/include/vision/moc_mainwindow.cpp.o] Error 1
gmake[2]: *** Waiting for unfinished jobs....
gmake[2]: *** [CMakeFiles/vision.dir/build.make:97: CMakeFiles/vision.dir/src/main.cpp.o] Error 1
gmake[2]: *** [CMakeFiles/vision.dir/build.make:111: CMakeFiles/vision.dir/src/mainwindow.cpp.o] Error 1
gmake[2]: *** [CMakeFiles/vision.dir/build.make:125: CMakeFiles/vision.dir/src/qnode.cpp.o] Error 1
gmake[1]: *** [CMakeFiles/Makefile2:153: CMakeFiles/vision.dir/all] Error 2
gmake: *** [Makefile:146: all] Error 2
