[  9%] [1m[34mGenerating include/vision/moc_mainwindow.cpp[0m
[ 18%] [32mBuilding CXX object CMakeFiles/vision.dir/src/main.cpp.o[0m
[ 27%] [32mBuilding CXX object CMakeFiles/vision.dir/src/qnode.cpp.o[0m
[ 36%] [32mBuilding CXX object CMakeFiles/vision.dir/src/mainwindow.cpp.o[0m
[ 45%] [32mBuilding CXX object CMakeFiles/vision.dir/include/vision/moc_mainwindow.cpp.o[0m
[01m[K/home/jy/colcon_ws/src/vision/src/mainwindow.cpp:[m[K In member function â€˜[01m[Kvoid MainWindow::updateCameraFrame()[m[Kâ€™:
[01m[K/home/jy/colcon_ws/src/vision/src/mainwindow.cpp:44:12:[m[K [01;31m[Kerror: [m[Kâ€˜[01m[KlastFrame[m[Kâ€™ was not declared in this scope
   44 |     cap >> [01;31m[KlastFrame[m[K;
      |            [01;31m[K^~~~~~~~~[m[K
[01m[K/home/jy/colcon_ws/src/vision/src/mainwindow.cpp:[m[K In member function â€˜[01m[Kvoid MainWindow::processLaneDetection(const string&)[m[Kâ€™:
[01m[K/home/jy/colcon_ws/src/vision/src/mainwindow.cpp:107:9:[m[K [01;31m[Kerror: [m[Kâ€˜[01m[KlastFrame[m[Kâ€™ was not declared in this scope
  107 |     if ([01;31m[KlastFrame[m[K.empty()) return;
      |         [01;31m[K^~~~~~~~~[m[K
[01m[K/home/jy/colcon_ws/src/vision/src/mainwindow.cpp:109:19:[m[K [01;31m[Kerror: [m[Kâ€˜[01m[KlastFrame[m[Kâ€™ was not declared in this scope
  109 |     cv::Mat img = [01;31m[KlastFrame[m[K.clone();
      |                   [01;31m[K^~~~~~~~~[m[K
[01m[K/home/jy/colcon_ws/src/vision/src/mainwindow.cpp:[m[K At global scope:
[01m[K/home/jy/colcon_ws/src/vision/src/mainwindow.cpp:147:6:[m[K [01;31m[Kerror: [m[Kredefinition of â€˜[01m[Kvoid MainWindow::processLaneDetection(const string&)[m[Kâ€™
  147 | void [01;31m[KMainWindow[m[K::processLaneDetection(const std::string &mode) {
      |      [01;31m[K^~~~~~~~~~[m[K
[01m[K/home/jy/colcon_ws/src/vision/src/mainwindow.cpp:106:6:[m[K [01;36m[Knote: [m[Kâ€˜[01m[Kvoid MainWindow::processLaneDetection(const string&)[m[Kâ€™ previously defined here
  106 | void [01;36m[KMainWindow[m[K::processLaneDetection(const std::string &mode) {
      |      [01;36m[K^~~~~~~~~~[m[K
gmake[2]: *** [CMakeFiles/vision.dir/build.make:111: CMakeFiles/vision.dir/src/mainwindow.cpp.o] Error 1
gmake[2]: *** Waiting for unfinished jobs....
gmake[1]: *** [CMakeFiles/Makefile2:153: CMakeFiles/vision.dir/all] Error 2
gmake: *** [Makefile:146: all] Error 2
