In file included from [01m[K/opt/ros/humble/include/rclcpp/rclcpp/client.hpp:40[m[K,
                 from [01m[K/opt/ros/humble/include/rclcpp/rclcpp/callback_group.hpp:24[m[K,
                 from [01m[K/opt/ros/humble/include/rclcpp/rclcpp/any_executable.hpp:20[m[K,
                 from [01m[K/opt/ros/humble/include/rclcpp/rclcpp/memory_strategy.hpp:25[m[K,
                 from [01m[K/opt/ros/humble/include/rclcpp/rclcpp/memory_strategies.hpp:18[m[K,
                 from [01m[K/opt/ros/humble/include/rclcpp/rclcpp/executor_options.hpp:20[m[K,
                 from [01m[K/opt/ros/humble/include/rclcpp/rclcpp/executor.hpp:37[m[K,
                 from [01m[K/opt/ros/humble/include/rclcpp/rclcpp/executors/multi_threaded_executor.hpp:25[m[K,
                 from [01m[K/opt/ros/humble/include/rclcpp/rclcpp/executors.hpp:21[m[K,
                 from [01m[K/opt/ros/humble/include/rclcpp/rclcpp/rclcpp.hpp:155[m[K,
                 from [01m[K/home/jy/ros2/colcon_ws/src/my_first_ros_rclcpp_pkg/src/my_cpp_node.cpp:2[m[K:
[01m[K/home/jy/ros2/colcon_ws/src/my_first_ros_rclcpp_pkg/src/my_cpp_node.cpp:[m[K In constructor â€˜[01m[KMyCppNode::MyCppNode()[m[Kâ€™:
[01m[K/home/jy/ros2/colcon_ws/src/my_first_ros_rclcpp_pkg/src/my_cpp_node.cpp:12:27:[m[K [01;31m[Kerror: [m[Kâ€˜[01m[Kclass MyCppNode[m[Kâ€™ has no member named â€˜[01m[Kget_longer[m[Kâ€™; did you mean â€˜[01m[Kget_logger[m[Kâ€™?
   12 |         RCLCPP_INFO(this->[01;31m[Kget_longer[m[K(), "Hello, ROS 2 C++ Node!");
      |                           [01;31m[K^~~~~~~~~~[m[K
[01m[K/home/jy/ros2/colcon_ws/src/my_first_ros_rclcpp_pkg/src/my_cpp_node.cpp:12:27:[m[K [01;31m[Kerror: [m[Kâ€˜[01m[Kclass MyCppNode[m[Kâ€™ has no member named â€˜[01m[Kget_longer[m[Kâ€™; did you mean â€˜[01m[Kget_logger[m[Kâ€™?
[01m[K/home/jy/ros2/colcon_ws/src/my_first_ros_rclcpp_pkg/src/my_cpp_node.cpp:12:9:[m[K [01;31m[Kerror: [m[Ktemplate argument 1 is invalid
   12 |         [01;31m[KRCLCPP_INFO[m[K(this->get_longer(), "Hello, ROS 2 C++ Node!");
      |         [01;31m[K^~~~~~~~~~~[m[K
[01m[K/home/jy/ros2/colcon_ws/src/my_first_ros_rclcpp_pkg/src/my_cpp_node.cpp:12:9:[m[K [01;31m[Kerror: [m[Ktemplate argument 1 is invalid
   12 |         [01;31m[KRCLCPP_INFO[m[K(this->get_longer(), "Hello, ROS 2 C++ Node!");
      |         [01;31m[K^~~~~~~~~~~[m[K
[01m[K/home/jy/ros2/colcon_ws/src/my_first_ros_rclcpp_pkg/src/my_cpp_node.cpp:12:9:[m[K [01;31m[Kerror: [m[Ktemplate argument 1 is invalid
   12 |         [01;31m[KRCLCPP_INFO[m[K(this->get_longer(), "Hello, ROS 2 C++ Node!");
      |         [01;31m[K^~~~~~~~~~~[m[K
In file included from [01m[K/opt/ros/humble/include/rclcpp/rclcpp/logging.hpp:24[m[K,
                 from [01m[K/opt/ros/humble/include/rclcpp/rclcpp/client.hpp:40[m[K,
                 from [01m[K/opt/ros/humble/include/rclcpp/rclcpp/callback_group.hpp:24[m[K,
                 from [01m[K/opt/ros/humble/include/rclcpp/rclcpp/any_executable.hpp:20[m[K,
                 from [01m[K/opt/ros/humble/include/rclcpp/rclcpp/memory_strategy.hpp:25[m[K,
                 from [01m[K/opt/ros/humble/include/rclcpp/rclcpp/memory_strategies.hpp:18[m[K,
                 from [01m[K/opt/ros/humble/include/rclcpp/rclcpp/executor_options.hpp:20[m[K,
                 from [01m[K/opt/ros/humble/include/rclcpp/rclcpp/executor.hpp:37[m[K,
                 from [01m[K/opt/ros/humble/include/rclcpp/rclcpp/executors/multi_threaded_executor.hpp:25[m[K,
                 from [01m[K/opt/ros/humble/include/rclcpp/rclcpp/executors.hpp:21[m[K,
                 from [01m[K/opt/ros/humble/include/rclcpp/rclcpp/rclcpp.hpp:155[m[K,
                 from [01m[K/home/jy/ros2/colcon_ws/src/my_first_ros_rclcpp_pkg/src/my_cpp_node.cpp:2[m[K:
[01m[K/home/jy/ros2/colcon_ws/src/my_first_ros_rclcpp_pkg/src/my_cpp_node.cpp:12:27:[m[K [01;31m[Kerror: [m[Kâ€˜[01m[Kclass MyCppNode[m[Kâ€™ has no member named â€˜[01m[Kget_longer[m[Kâ€™; did you mean â€˜[01m[Kget_logger[m[Kâ€™?
   12 |         RCLCPP_INFO(this->[01;31m[Kget_longer[m[K(), "Hello, ROS 2 C++ Node!");
      |                           [01;31m[K^~~~~~~~~~[m[K
[01m[K/home/jy/ros2/colcon_ws/src/my_first_ros_rclcpp_pkg/src/my_cpp_node.cpp:12:27:[m[K [01;31m[Kerror: [m[Kâ€˜[01m[Kclass MyCppNode[m[Kâ€™ has no member named â€˜[01m[Kget_longer[m[Kâ€™; did you mean â€˜[01m[Kget_logger[m[Kâ€™?
   12 |         RCLCPP_INFO(this->[01;31m[Kget_longer[m[K(), "Hello, ROS 2 C++ Node!");
      |                           [01;31m[K^~~~~~~~~~[m[K
[01m[K/home/jy/ros2/colcon_ws/src/my_first_ros_rclcpp_pkg/src/my_cpp_node.cpp:[m[K At global scope:
[01m[K/home/jy/ros2/colcon_ws/src/my_first_ros_rclcpp_pkg/src/my_cpp_node.cpp:26:1:[m[K [01;31m[Kerror: [m[KISO C++ forbids declaration of â€˜[01m[KMyNode[m[Kâ€™ with no type [[01;31m[K]8;;https://gcc.gnu.org/onlinedocs/gcc/Warning-Options.html#index-fpermissive-fpermissive]8;;[m[K]
   26 | [01;31m[KMyCppNode[m[K :: MyNode() : Node("mynode")
      | [01;31m[K^~~~~~~~~[m[K
[01m[K/home/jy/ros2/colcon_ws/src/my_first_ros_rclcpp_pkg/src/my_cpp_node.cpp:26:1:[m[K [01;31m[Kerror: [m[Kno declaration matches â€˜[01m[Kint MyCppNode::MyNode()[m[Kâ€™
[01m[K/home/jy/ros2/colcon_ws/src/my_first_ros_rclcpp_pkg/src/my_cpp_node.cpp:26:1:[m[K [01;36m[Knote: [m[Kno functions named â€˜[01m[Kint MyCppNode::MyNode()[m[Kâ€™
[01m[K/home/jy/ros2/colcon_ws/src/my_first_ros_rclcpp_pkg/src/my_cpp_node.cpp:5:7:[m[K [01;36m[Knote: [m[Kâ€˜[01m[Kclass MyCppNode[m[Kâ€™ defined here
    5 | class [01;36m[KMyCppNode[m[K : public rclcpp::Node
      |       [01;36m[K^~~~~~~~~[m[K
[01m[K/home/jy/ros2/colcon_ws/src/my_first_ros_rclcpp_pkg/src/my_cpp_node.cpp:32:19:[m[K [01;31m[Kerror: [m[Kexpected class-name before â€˜[01m[K([m[Kâ€™ token
   32 | MyCppNode::~MyNode[01;31m[K([m[K)
      |                   [01;31m[K^[m[K
[01m[K/home/jy/ros2/colcon_ws/src/my_first_ros_rclcpp_pkg/src/my_cpp_node.cpp:32:20:[m[K [01;31m[Kerror: [m[Kdefinition of implicitly-declared â€˜[01m[Kvirtual MyCppNode::~MyCppNode()[m[Kâ€™
   32 | MyCppNode::~MyNode([01;31m[K)[m[K
      |                    [01;31m[K^[m[K
gmake[2]: *** [CMakeFiles/my_cpp_node.dir/build.make:79: CMakeFiles/my_cpp_node.dir/src/my_cpp_node.cpp.o] Error 1
gmake[1]: *** [CMakeFiles/Makefile2:153: CMakeFiles/my_cpp_node.dir/all] Error 2
gmake: *** [Makefile:146: all] Error 2
