[ 25%] [32mBuilding CXX object CMakeFiles/publisher_node.dir/src/publisher_node.cpp.o[0m
[ 50%] [32mBuilding CXX object CMakeFiles/subscriber_node.dir/src/subscriber_node.cpp.o[0m
[01m[K/home/jy/ros2/colcon_ws/src/my_first_ros_rclcpp_pkg/src/publisher_node.cpp:[m[K In function â€˜[01m[Kint main(int, char**)[m[Kâ€™:
[01m[K/home/jy/ros2/colcon_ws/src/my_first_ros_rclcpp_pkg/src/publisher_node.cpp:39:34:[m[K [01;31m[Kerror: [m[Kâ€˜[01m[KMyCppNode[m[Kâ€™ was not declared in this scope
   39 |     auto node = std::make_shared<[01;31m[KMyCppNode[m[K>();
      |                                  [01;31m[K^~~~~~~~~[m[K
[01m[K/home/jy/ros2/colcon_ws/src/my_first_ros_rclcpp_pkg/src/publisher_node.cpp:39:44:[m[K [01;31m[Kerror: [m[Kno matching function for call to â€˜[01m[Kmake_shared<<expression error> >()[m[Kâ€™
   39 |     auto node = [01;31m[Kstd::make_shared<MyCppNode>()[m[K;
      |                 [01;31m[K~~~~~~~~~~~~~~~~~~~~~~~~~~~^~[m[K
In file included from [01m[K/usr/include/c++/11/memory:77[m[K,
                 from [01m[K/opt/ros/humble/include/rclcpp/rclcpp/rclcpp.hpp:153[m[K,
                 from [01m[K/home/jy/ros2/colcon_ws/src/my_first_ros_rclcpp_pkg/include/my_first_ros_rclcpp_pkg/publisher_node.hpp:1[m[K,
                 from [01m[K/home/jy/ros2/colcon_ws/src/my_first_ros_rclcpp_pkg/src/publisher_node.cpp:1[m[K:
[01m[K/usr/include/c++/11/bits/shared_ptr.h:875:5:[m[K [01;36m[Knote: [m[Kcandidate: â€˜[01m[Ktemplate<class _Tp, class ... _Args> std::shared_ptr<_Tp> std::make_shared(_Args&& ...)[m[Kâ€™
  875 |     [01;36m[Kmake_shared[m[K(_Args&&... __args)
      |     [01;36m[K^~~~~~~~~~~[m[K
[01m[K/usr/include/c++/11/bits/shared_ptr.h:875:5:[m[K [01;36m[Knote: [m[K  template argument deduction/substitution failed:
[01m[K/home/jy/ros2/colcon_ws/src/my_first_ros_rclcpp_pkg/src/publisher_node.cpp:39:44:[m[K [01;31m[Kerror: [m[Ktemplate argument 1 is invalid
   39 |     auto node = [01;31m[Kstd::make_shared<MyCppNode>()[m[K;
      |                 [01;31m[K~~~~~~~~~~~~~~~~~~~~~~~~~~~^~[m[K
gmake[2]: *** [CMakeFiles/publisher_node.dir/build.make:79: CMakeFiles/publisher_node.dir/src/publisher_node.cpp.o] Error 1
gmake[1]: *** [CMakeFiles/Makefile2:156: CMakeFiles/publisher_node.dir/all] Error 2
gmake[1]: *** Waiting for unfinished jobs....
[ 75%] [1m[32mLinking CXX executable subscriber_node[0m
[ 75%] Built target subscriber_node
gmake: *** [Makefile:146: all] Error 2
