[0.008s] Invoking command in '/home/jy/ros2/colcon_ws/build/my_first_ros_rclcpp_pkg': CMAKE_PREFIX_PATH=/opt/ros/humble /usr/bin/cmake --build /home/jy/ros2/colcon_ws/build/my_first_ros_rclcpp_pkg -- -j16 -l16
[0.033s] [ 25%] [32mBuilding CXX object CMakeFiles/publisher_node.dir/src/publisher_node.cpp.o[0m
[0.033s] [ 50%] [32mBuilding CXX object CMakeFiles/subscriber_node.dir/src/subscriber_node.cpp.o[0m
[1.739s] [01m[K/home/jy/ros2/colcon_ws/src/my_first_ros_rclcpp_pkg/src/publisher_node.cpp:[m[K In function â€˜[01m[Kint main(int, char**)[m[Kâ€™:
[1.739s] [01m[K/home/jy/ros2/colcon_ws/src/my_first_ros_rclcpp_pkg/src/publisher_node.cpp:39:34:[m[K [01;31m[Kerror: [m[Kâ€˜[01m[KMyCppNode[m[Kâ€™ was not declared in this scope
[1.739s]    39 |     auto node = std::make_shared<[01;31m[KMyCppNode[m[K>();
[1.739s]       |                                  [01;31m[K^~~~~~~~~[m[K
[1.740s] [01m[K/home/jy/ros2/colcon_ws/src/my_first_ros_rclcpp_pkg/src/publisher_node.cpp:39:44:[m[K [01;31m[Kerror: [m[Kno matching function for call to â€˜[01m[Kmake_shared<<expression error> >()[m[Kâ€™
[1.740s]    39 |     auto node = [01;31m[Kstd::make_shared<MyCppNode>()[m[K;
[1.740s]       |                 [01;31m[K~~~~~~~~~~~~~~~~~~~~~~~~~~~^~[m[K
[1.740s] In file included from [01m[K/usr/include/c++/11/memory:77[m[K,
[1.740s]                  from [01m[K/opt/ros/humble/include/rclcpp/rclcpp/rclcpp.hpp:153[m[K,
[1.740s]                  from [01m[K/home/jy/ros2/colcon_ws/src/my_first_ros_rclcpp_pkg/include/my_first_ros_rclcpp_pkg/publisher_node.hpp:1[m[K,
[1.740s]                  from [01m[K/home/jy/ros2/colcon_ws/src/my_first_ros_rclcpp_pkg/src/publisher_node.cpp:1[m[K:
[1.740s] [01m[K/usr/include/c++/11/bits/shared_ptr.h:875:5:[m[K [01;36m[Knote: [m[Kcandidate: â€˜[01m[Ktemplate<class _Tp, class ... _Args> std::shared_ptr<_Tp> std::make_shared(_Args&& ...)[m[Kâ€™
[1.740s]   875 |     [01;36m[Kmake_shared[m[K(_Args&&... __args)
[1.740s]       |     [01;36m[K^~~~~~~~~~~[m[K
[1.740s] [01m[K/usr/include/c++/11/bits/shared_ptr.h:875:5:[m[K [01;36m[Knote: [m[K  template argument deduction/substitution failed:
[1.740s] [01m[K/home/jy/ros2/colcon_ws/src/my_first_ros_rclcpp_pkg/src/publisher_node.cpp:39:44:[m[K [01;31m[Kerror: [m[Ktemplate argument 1 is invalid
[1.740s]    39 |     auto node = [01;31m[Kstd::make_shared<MyCppNode>()[m[K;
[1.740s]       |                 [01;31m[K~~~~~~~~~~~~~~~~~~~~~~~~~~~^~[m[K
[2.517s] gmake[2]: *** [CMakeFiles/publisher_node.dir/build.make:79: CMakeFiles/publisher_node.dir/src/publisher_node.cpp.o] Error 1
[2.518s] gmake[1]: *** [CMakeFiles/Makefile2:156: CMakeFiles/publisher_node.dir/all] Error 2
[2.518s] gmake[1]: *** Waiting for unfinished jobs....
[9.671s] [ 75%] [1m[32mLinking CXX executable subscriber_node[0m
[10.101s] [ 75%] Built target subscriber_node
[10.102s] gmake: *** [Makefile:146: all] Error 2
[10.104s] Invoked command in '/home/jy/ros2/colcon_ws/build/my_first_ros_rclcpp_pkg' returned '2': CMAKE_PREFIX_PATH=/opt/ros/humble /usr/bin/cmake --build /home/jy/ros2/colcon_ws/build/my_first_ros_rclcpp_pkg -- -j16 -l16
