[0.007s] Invoking command in '/home/jy/ros2/colcon_ws/build/my_first_ros_rclcpp_pkg': CMAKE_PREFIX_PATH=/opt/ros/humble /usr/bin/cmake --build /home/jy/ros2/colcon_ws/build/my_first_ros_rclcpp_pkg -- -j16 -l16
[0.019s] [0mCMake Deprecation Warning at CMakeLists.txt:1 (cmake_minimum_required):
[0.019s]   Compatibility with CMake < 3.10 will be removed from a future version of
[0.019s]   CMake.
[0.019s] 
[0.019s]   Update the VERSION argument <min> value.  Or, use the <min>...<max> syntax
[0.019s]   to tell CMake that the project requires at least <min> but has been updated
[0.019s]   to work with policies introduced by <max> or earlier.
[0.019s] 
[0.019s] [0m
[0.022s] -- Found ament_cmake: 1.3.12 (/opt/ros/humble/share/ament_cmake/cmake)
[0.150s] -- Found rclcpp: 16.0.14 (/opt/ros/humble/share/rclcpp/cmake)
[0.168s] -- Found rosidl_generator_c: 3.1.7 (/opt/ros/humble/share/rosidl_generator_c/cmake)
[0.169s] -- Found rosidl_adapter: 3.1.7 (/opt/ros/humble/share/rosidl_adapter/cmake)
[0.172s] -- Found rosidl_generator_cpp: 3.1.7 (/opt/ros/humble/share/rosidl_generator_cpp/cmake)
[0.178s] -- Using all available rosidl_typesupport_c: rosidl_typesupport_fastrtps_c;rosidl_typesupport_introspection_c
[0.185s] -- Using all available rosidl_typesupport_cpp: rosidl_typesupport_fastrtps_cpp;rosidl_typesupport_introspection_cpp
[0.206s] -- Found rmw_implementation_cmake: 6.1.2 (/opt/ros/humble/share/rmw_implementation_cmake/cmake)
[0.207s] -- Found rmw_fastrtps_cpp: 6.2.8 (/opt/ros/humble/share/rmw_fastrtps_cpp/cmake)
[0.284s] -- Using RMW implementation 'rmw_fastrtps_cpp' as default
[0.324s] -- Found ament_lint_auto: 0.12.14 (/opt/ros/humble/share/ament_lint_auto/cmake)
[0.370s] -- Added test 'cppcheck' to perform static code analysis on C / C++ code
[0.370s] -- Configured cppcheck include dirs: 
[0.370s] -- Configured cppcheck exclude dirs and/or files: 
[0.370s] -- Added test 'lint_cmake' to check CMake code style
[0.370s] -- Added test 'uncrustify' to check C / C++ code style
[0.370s] -- Configured uncrustify additional arguments: 
[0.370s] -- Added test 'xmllint' to check XML markup files
[0.371s] -- Configuring done (0.4s)
[0.381s] -- Generating done (0.0s)
[0.383s] -- Build files have been written to: /home/jy/ros2/colcon_ws/build/my_first_ros_rclcpp_pkg
[0.406s] [ 25%] [32mBuilding CXX object CMakeFiles/publisher_node.dir/src/publisher_node.cpp.o[0m
[0.406s] [ 50%] [32mBuilding CXX object CMakeFiles/subscriber_node.dir/src/subscriber_node.cpp.o[0m
[0.414s] [01m[K/home/jy/ros2/colcon_ws/src/my_first_ros_rclcpp_pkg/src/subscriber_node.cpp:1:10:[m[K [01;31m[Kfatal error: [m[Kmy_cpp_pkg/subscriber_node.hpp: No such file or directory
[0.414s]     1 | #include [01;31m[K"my_cpp_pkg/subscriber_node.hpp"[m[K
[0.414s]       |          [01;31m[K^~~~~~~~~~~~~~~~~~~~~~~~~~~~~~~~[m[K
[0.414s] [01m[K/home/jy/ros2/colcon_ws/src/my_first_ros_rclcpp_pkg/src/publisher_node.cpp:1:10:[m[K [01;31m[Kfatal error: [m[Kmy_cpp_pkg/publisher_node.hpp: No such file or directory
[0.414s]     1 | #include [01;31m[K"my_cpp_pkg/publisher_node.hpp"[m[K
[0.414s]       |          [01;31m[K^~~~~~~~~~~~~~~~~~~~~~~~~~~~~~~[m[K
[0.414s] compilation terminated.
[0.414s] compilation terminated.
[0.415s] gmake[2]: *** [CMakeFiles/subscriber_node.dir/build.make:79: CMakeFiles/subscriber_node.dir/src/subscriber_node.cpp.o] Error 1
[0.415s] gmake[1]: *** [CMakeFiles/Makefile2:188: CMakeFiles/subscriber_node.dir/all] Error 2
[0.415s] gmake[1]: *** Waiting for unfinished jobs....
[0.415s] gmake[2]: *** [CMakeFiles/publisher_node.dir/build.make:79: CMakeFiles/publisher_node.dir/src/publisher_node.cpp.o] Error 1
[0.415s] gmake[1]: *** [CMakeFiles/Makefile2:156: CMakeFiles/publisher_node.dir/all] Error 2
[0.415s] gmake: *** [Makefile:146: all] Error 2
[0.417s] Invoked command in '/home/jy/ros2/colcon_ws/build/my_first_ros_rclcpp_pkg' returned '2': CMAKE_PREFIX_PATH=/opt/ros/humble /usr/bin/cmake --build /home/jy/ros2/colcon_ws/build/my_first_ros_rclcpp_pkg -- -j16 -l16
