[0.008s] Invoking command in '/home/jy/colcon_ws/src/vision/build/vision': CMAKE_PREFIX_PATH=${CMAKE_PREFIX_PATH}:/opt/ros/humble /usr/bin/cmake --build /home/jy/colcon_ws/src/vision/build/vision -- -j16 -l16
[0.030s] [  9%] [1m[34mGenerating include/vision/moc_mainwindow.cpp[0m
[0.097s] [ 18%] [32mBuilding CXX object CMakeFiles/vision.dir/src/main.cpp.o[0m
[0.097s] [ 27%] [32mBuilding CXX object CMakeFiles/vision.dir/src/mainwindow.cpp.o[0m
[0.098s] [ 36%] [32mBuilding CXX object CMakeFiles/vision.dir/include/vision/moc_mainwindow.cpp.o[0m
[0.098s] [ 45%] [32mBuilding CXX object CMakeFiles/vision.dir/src/qnode.cpp.o[0m
[3.294s] [01m[K/home/jy/colcon_ws/src/vision/src/mainwindow.cpp:[m[K In member function â€˜[01m[Kvoid MainWindow::processColorDetection(const cv::Mat&)[m[Kâ€™:
[3.294s] [01m[K/home/jy/colcon_ws/src/vision/src/mainwindow.cpp:173:28:[m[K [01;31m[Kerror: [m[Kqualified-id in declaration before â€˜[01m[K([m[Kâ€™ token
[3.294s]   173 | void MainWindow::detectCone[01;31m[K([m[Kconst cv::Mat &mask,
[3.294s]       |                            [01;31m[K^[m[K
[3.294s] [01m[K/home/jy/colcon_ws/src/vision/src/mainwindow.cpp:207:30:[m[K [01;31m[Kerror: [m[Kqualified-id in declaration before â€˜[01m[K([m[Kâ€™ token
[3.294s]   207 | void MainWindow::updateStatus[01;31m[K([m[Kconst std::string &line,
[3.294s]       |                              [01;31m[K^[m[K
[3.294s] [01m[K/home/jy/colcon_ws/src/vision/src/mainwindow.cpp:227:26:[m[K [01;31m[Kerror: [m[Kqualified-id in declaration before â€˜[01m[K([m[Kâ€™ token
[3.294s]   227 | void MainWindow::showMask[01;31m[K([m[Kconst cv::Mat &mask, QLabel *label)
[3.294s]       |                          [01;31m[K^[m[K
[3.294s] [01m[K/home/jy/colcon_ws/src/vision/src/mainwindow.cpp:233:2:[m[K [01;31m[Kerror: [m[Kexpected â€˜[01m[K}[m[Kâ€™ at end of input
[3.294s]   233 | }
[3.294s]       |  [01;31m[K^[m[K
[3.294s] [01m[K/home/jy/colcon_ws/src/vision/src/mainwindow.cpp:142:1:[m[K [01;36m[Knote: [m[Kto match this â€˜[01m[K{[m[Kâ€™
[3.295s]   142 | [01;36m[K{[m[K
[3.295s]       | [01;36m[K^[m[K
[3.997s] gmake[2]: *** [CMakeFiles/vision.dir/build.make:111: CMakeFiles/vision.dir/src/mainwindow.cpp.o] Error 1
[3.997s] gmake[2]: *** Waiting for unfinished jobs....
[7.249s] gmake[1]: *** [CMakeFiles/Makefile2:153: CMakeFiles/vision.dir/all] Error 2
[7.250s] gmake: *** [Makefile:146: all] Error 2
[7.252s] Invoked command in '/home/jy/colcon_ws/src/vision/build/vision' returned '2': CMAKE_PREFIX_PATH=${CMAKE_PREFIX_PATH}:/opt/ros/humble /usr/bin/cmake --build /home/jy/colcon_ws/src/vision/build/vision -- -j16 -l16
